<?xml version="1.0" encoding="UTF-8"?>
<!-- Generated by org.testng.reporters.JUnitXMLReporter -->
<testsuite hostname="preyas-r" ignored="0" name="Default test" tests="2" failures="1" timestamp="2022-05-23T18:45:41 IST" time="63.179" errors="0">
  <testcase name="runScenario" time="29.571" classname="io.cucumber.testng.AbstractTestNGCucumberTests">
    <failure type="java.lang.AssertionError" message="The following asserts failed:
	expected [None: , Readability , Single Line Coding , Method Chaining , Cross Browser Testing , Extent Reports , Data Driven Testing , Functional Testing] but found [Readability , Single Line Coding , Method Chaining , Cross Browser Testing , Extent Reports , Data Driven Testing , Functional Testing]">
      <![CDATA[java.lang.AssertionError: The following asserts failed:
expected [None: , Readability , Single Line Coding , Method Chaining , Cross Browser Testing , Extent Reports , Data Driven Testing , Functional Testing] but found [Readability , Single Line Coding , Method Chaining , Cross Browser Testing , Extent Reports , Data Driven Testing , Functional Testing]
at org.testng.asserts.SoftAssert.assertAll(SoftAssert.java:47)
at org.testng.asserts.SoftAssert.assertAll(SoftAssert.java:31)
at StepDefinition.Learning_steps.user_click_on_Default_Functionality_option(Learning_steps.java:265)
at âœ½.user click on Default Functionality option(file:///home/preyas.r@ah.zymrinc.com/Desktop/preyas/eclipse-workspace/git_project/src/test/resources/Features/Learning_Feature/learning.switchto.feature:40)
]]>
    </failure>
  </testcase> <!-- runScenario -->
  <testcase name="runScenario" time="28.195" classname="io.cucumber.testng.AbstractTestNGCucumberTests"/>
</testsuite> <!-- Default test -->
