<?xml version="1.0" encoding="UTF-8" standalone="no"?>
<testsuite errors="0" failures="1" name="io.cucumber.core.plugin.JUnitFormatter" skipped="0" tests="2" time="57.907">
<testcase classname="Feature to Learning_Automation test functionality" name="Check Selectable Functionality working or not" time="29.474">
<failure message="The following asserts failed:&#10;&#9;expected [None: , Readability , Single Line Coding , Method Chaining , Cross Browser Testing , Extent Reports , Data Driven Testing , Functional Testing] but found [Readability , Single Line Coding , Method Chaining , Cross Browser Testing , Extent Reports , Data Driven Testing , Functional Testing]" type="java.lang.AssertionError"><![CDATA[Given user is on Home Page..................................................passed
When user click on Selectablelink...........................................passed
When user click on Serialize option.........................................passed
When verify list of serialized value........................................passed
When user click on Default Functionality option.............................failed

StackTrace:
java.lang.AssertionError: The following asserts failed:
	expected [None: , Readability , Single Line Coding , Method Chaining , Cross Browser Testing , Extent Reports , Data Driven Testing , Functional Testing] but found [Readability , Single Line Coding , Method Chaining , Cross Browser Testing , Extent Reports , Data Driven Testing , Functional Testing]
	at org.testng.asserts.SoftAssert.assertAll(SoftAssert.java:47)
	at org.testng.asserts.SoftAssert.assertAll(SoftAssert.java:31)
	at StepDefinition.Learning_steps.user_click_on_Default_Functionality_option(Learning_steps.java:265)
	at âœ½.user click on Default Functionality option(file:///home/preyas.r@ah.zymrinc.com/Desktop/preyas/eclipse-workspace/git_project/src/test/resources/Features/Learning_Feature/learning.switchto.feature:40)
]]></failure>
</testcase>
<testcase classname="Feature to Learning_Automation test functionality" name="Check dragdrop Functionality working or not" time="28.169">
<system-out><![CDATA[Given user is on Home Page..................................................passed
When user click on dragdropstaticlink.......................................passed
Then user dragdrop object...................................................passed
Then Verify object display or not...........................................passed
]]></system-out>
</testcase>
</testsuite>
